#
# There is insufficient memory for the Java Runtime Environment to continue.
# Native memory allocation (malloc) failed to allocate 640016 bytes for Chunk::new
# Possible reasons:
#   The system is out of physical RAM or swap space
#   The process is running with CompressedOops enabled, and the Java Heap may be blocking the growth of the native heap
# Possible solutions:
#   Reduce memory load on the system
#   Increase physical memory or swap space
#   Check if swap backing store is full
#   Decrease Java heap size (-Xmx/-Xms)
#   Decrease number of Java threads
#   Decrease Java thread stack sizes (-Xss)
#   Set larger code cache with -XX:ReservedCodeCacheSize=
#   JVM is running with Zero Based Compressed Oops mode in which the Java heap is
#     placed in the first 32GB address space. The Java Heap base address is the
#     maximum limit for the native heap growth. Please use -XX:HeapBaseMinAddress
#     to set the Java Heap base and to place the Java Heap above 32GB virtual address.
# This output file may be truncated or incomplete.
#
#  Out of Memory Error (arena.cpp:191), pid=15700, tid=21964
#
# JRE version: OpenJDK Runtime Environment Corretto-17.0.10.7.1 (17.0.10+7) (build 17.0.10+7-LTS)
# Java VM: OpenJDK 64-Bit Server VM Corretto-17.0.10.7.1 (17.0.10+7-LTS, mixed mode, sharing, tiered, compressed oops, compressed class ptrs, g1 gc, windows-amd64)
# No core dump will be written. Minidumps are not enabled by default on client versions of Windows
#

---------------  S U M M A R Y ------------

Command Line: -ea -Dallure.results.directory=C:\Users\Shiri\Documents\NBWalleTAF\target/allure-results -javaagent:C:\Users\Shiri\.m2\repository/org/aspectj/aspectjweaver/1.9.19/aspectjweaver-1.9.19.jar -Didea.test.cyclic.buffer.size=1048576 -javaagent:C:\Users\Shiri\AppData\Local\JetBrains\IntelliJ IDEA Community Edition 2023.3.2\lib\idea_rt.jar=15473:C:\Users\Shiri\AppData\Local\JetBrains\IntelliJ IDEA Community Edition 2023.3.2\bin -Dfile.encoding=UTF-8 com.intellij.rt.testng.RemoteTestNGStarter -usedefaultlisteners false -socket15472 @w@C:\Users\Shiri\AppData\Local\Temp\idea_working_dirs_testng.tmp -temp C:\Users\Shiri\AppData\Local\Temp\idea_testng.tmp

Host: 11th Gen Intel(R) Core(TM) i5-1155G7 @ 2.50GHz, 8 cores, 15G,  Windows 11 , 64 bit Build 22621 (10.0.22621.3672)
Time: Sun Jul  7 17:23:23 2024 RTZ 6 (s 11 , 64 bit Build 22621 (10.0.22621.3672) elapsed time: 3.460817 seconds (0d 0h 0m 3s)

---------------  T H R E A D  ---------------

Current thread (0x000002611bb280a0):  JavaThread "C2 CompilerThread1" daemon [_thread_in_native, id=21964, stack(0x000000c206b00000,0x000000c206c00000)]


Current CompileTask:
C2:   3460 3684 %     4       org.aspectj.util.GenericSignatureParser::tokenize @ 34 (822 bytes)

Stack: [0x000000c206b00000,0x000000c206c00000]
Native frames: (J=compiled Java code, j=interpreted, Vv=VM code, C=native code)
V  [jvm.dll+0x67d2c9]
V  [jvm.dll+0x834b1a]
V  [jvm.dll+0x8365de]
V  [jvm.dll+0x836c43]
V  [jvm.dll+0x2477ff]
V  [jvm.dll+0xac514]
V  [jvm.dll+0xacb5c]
V  [jvm.dll+0x2aed1f]
V  [jvm.dll+0x584b67]
V  [jvm.dll+0x2228a2]
V  [jvm.dll+0x21b5cd]
V  [jvm.dll+0x219201]
V  [jvm.dll+0x1a502d]
V  [jvm.dll+0x2290de]
V  [jvm.dll+0x2272ac]
V  [jvm.dll+0x7e9bd7]
V  [jvm.dll+0x7e3fda]
V  [jvm.dll+0x67c1b5]
C  [ucrtbase.dll+0x29333]
C  [KERNEL32.DLL+0x1257d]
C  [ntdll.dll+0x5af28]


---------------  P R O C E S S  ---------------

Threads class SMR info:
_java_thread_list=0x0000026120a0dd80, length=25, elements={
0x00000260b6e5ddd0, 0x00000260d9689be0, 0x00000260d968a5a0, 0x00000260d96a20d0,
0x00000260d96a39b0, 0x00000260d96a4280, 0x00000260d96a6b60, 0x00000260d96a7810,
0x00000260d96a85e0, 0x00000260d96aa300, 0x00000260d9676c10, 0x000002612043be50,
0x000002612043c330, 0x0000026121f76180, 0x0000026121f770b0, 0x0000026121f775c0,
0x0000026121f77ad0, 0x0000026121f75c70, 0x0000026121f75250, 0x0000026121f77fe0,
0x0000026121f784f0, 0x0000026121f74d40, 0x0000026121f75760, 0x000002611bb280a0,
0x000002612050c370
}

Java Threads: ( => current thread )
  0x00000260b6e5ddd0 JavaThread "Forwarding newSession on session null to remote" [_thread_in_Java, id=24072, stack(0x000000c205a00000,0x000000c205b00000)]
  0x00000260d9689be0 JavaThread "Reference Handler" daemon [_thread_blocked, id=1116, stack(0x000000c206100000,0x000000c206200000)]
  0x00000260d968a5a0 JavaThread "Finalizer" daemon [_thread_blocked, id=19464, stack(0x000000c206200000,0x000000c206300000)]
  0x00000260d96a20d0 JavaThread "Signal Dispatcher" daemon [_thread_blocked, id=15644, stack(0x000000c206300000,0x000000c206400000)]
  0x00000260d96a39b0 JavaThread "Attach Listener" daemon [_thread_blocked, id=17476, stack(0x000000c206400000,0x000000c206500000)]
  0x00000260d96a4280 JavaThread "Service Thread" daemon [_thread_blocked, id=2244, stack(0x000000c206500000,0x000000c206600000)]
  0x00000260d96a6b60 JavaThread "Monitor Deflation Thread" daemon [_thread_blocked, id=11756, stack(0x000000c206600000,0x000000c206700000)]
  0x00000260d96a7810 JavaThread "C2 CompilerThread0" daemon [_thread_in_native, id=24768, stack(0x000000c206700000,0x000000c206800000)]
  0x00000260d96a85e0 JavaThread "C1 CompilerThread0" daemon [_thread_blocked, id=14448, stack(0x000000c206800000,0x000000c206900000)]
  0x00000260d96aa300 JavaThread "Sweeper thread" daemon [_thread_blocked, id=14580, stack(0x000000c206900000,0x000000c206a00000)]
  0x00000260d9676c10 JavaThread "Common-Cleaner" daemon [_thread_blocked, id=17956, stack(0x000000c206a00000,0x000000c206b00000)]
  0x000002612043be50 JavaThread "Monitor Ctrl-Break" daemon [_thread_in_native, id=12568, stack(0x000000c207200000,0x000000c207300000)]
  0x000002612043c330 JavaThread "Notification Thread" daemon [_thread_blocked, id=19832, stack(0x000000c207300000,0x000000c207400000)]
  0x0000026121f76180 JavaThread "ForkJoinPool.commonPool-worker-1" daemon [_thread_blocked, id=9088, stack(0x000000c207800000,0x000000c207900000)]
  0x0000026121f770b0 JavaThread "HttpClient-1-SelectorManager" daemon [_thread_in_native, id=24564, stack(0x000000c207900000,0x000000c207a00000)]
  0x0000026121f775c0 JavaThread "External Process Output Forwarder - C:\Users\Shiri\.cache\selenium\chromedriver\win64\126.0.6478.126\chromedriver.exe" daemon [_thread_in_native, id=15288, stack(0x000000c207a00000,0x000000c207b00000)]
  0x0000026121f77ad0 JavaThread "Driver Service Executor" daemon [_thread_blocked, id=20472, stack(0x000000c207b00000,0x000000c207c00000)]
  0x0000026121f75c70 JavaThread "Driver Service Executor" daemon [_thread_in_native, id=17532, stack(0x000000c207c00000,0x000000c207d00000)]
  0x0000026121f75250 JavaThread "UrlChecker-2" daemon [_thread_blocked, id=10376, stack(0x000000c207d00000,0x000000c207e00000)]
  0x0000026121f77fe0 JavaThread "Keep-Alive-Timer" daemon [_thread_blocked, id=1840, stack(0x000000c207f00000,0x000000c208000000)]
  0x0000026121f784f0 JavaThread "pool-1-thread-1" [_thread_blocked, id=18028, stack(0x000000c208000000,0x000000c208100000)]
  0x0000026121f74d40 JavaThread "pool-1-thread-2" [_thread_blocked, id=3176, stack(0x000000c208100000,0x000000c208200000)]
  0x0000026121f75760 JavaThread "pool-1-thread-3" [_thread_blocked, id=21136, stack(0x000000c208200000,0x000000c208300000)]
=>0x000002611bb280a0 JavaThread "C2 CompilerThread1" daemon [_thread_in_native, id=21964, stack(0x000000c206b00000,0x000000c206c00000)]
  0x000002612050c370 JavaThread "C2 CompilerThread2" daemon [_thread_in_native, id=7480, stack(0x000000c206c00000,0x000000c206d00000)]

Other Threads:
  0x00000260d9686c10 VMThread "VM Thread" [stack: 0x000000c206000000,0x000000c206100000] [id=21996]
  0x00000261203f3030 WatcherThread [stack: 0x000000c207400000,0x000000c207500000] [id=8416]
  0x00000260b6ecd180 GCTaskThread "GC Thread#0" [stack: 0x000000c205b00000,0x000000c205c00000] [id=20920]
  0x00000261200bd210 GCTaskThread "GC Thread#1" [stack: 0x000000c206d00000,0x000000c206e00000] [id=26288]
  0x00000261200bf6b0 GCTaskThread "GC Thread#2" [stack: 0x000000c206e00000,0x000000c206f00000] [id=8236]
  0x00000261200bf970 GCTaskThread "GC Thread#3" [stack: 0x000000c206f00000,0x000000c207000000] [id=15444]
  0x00000261200bfc30 GCTaskThread "GC Thread#4" [stack: 0x000000c207000000,0x000000c207100000] [id=24116]
  0x00000261200bfef0 GCTaskThread "GC Thread#5" [stack: 0x000000c207100000,0x000000c207200000] [id=22056]
  0x000002612167eba0 GCTaskThread "GC Thread#6" [stack: 0x000000c207500000,0x000000c207600000] [id=25892]
  0x000002612167e360 GCTaskThread "GC Thread#7" [stack: 0x000000c207600000,0x000000c207700000] [id=6412]
  0x00000260b6edec70 ConcurrentGCThread "G1 Main Marker" [stack: 0x000000c205c00000,0x000000c205d00000] [id=14408]
  0x00000260b6edfba0 ConcurrentGCThread "G1 Conc#0" [stack: 0x000000c205d00000,0x000000c205e00000] [id=26944]
  0x000002612167d020 ConcurrentGCThread "G1 Conc#1" [stack: 0x000000c207700000,0x000000c207800000] [id=6528]
  0x00000260b6efe760 ConcurrentGCThread "G1 Refine#0" [stack: 0x000000c205e00000,0x000000c205f00000] [id=10368]
  0x00000260d95c3bb0 ConcurrentGCThread "G1 Service" [stack: 0x000000c205f00000,0x000000c206000000] [id=6848]

Threads with active compile tasks:
C2 CompilerThread0     3473 3691       4       org.aspectj.weaver.bcel.BcelMethod::ensureAnnotationsRetrieved (151 bytes)
C2 CompilerThread1     3473 3684 %     4       org.aspectj.util.GenericSignatureParser::tokenize @ 34 (822 bytes)
C2 CompilerThread2     3473 3692       4       org.aspectj.apache.bcel.generic.MethodGen::<init> (998 bytes)

VM state: not at safepoint (normal execution)

VM Mutex/Monitor currently owned by a thread: None

Heap address: 0x0000000703600000, size: 4042 MB, Compressed Oops mode: Zero based, Oop shift amount: 3

CDS archive(s) mapped at: [0x00000260da000000-0x00000260dabb0000-0x00000260dabb0000), size 12255232, SharedBaseAddress: 0x00000260da000000, ArchiveRelocationMode: 1.
Compressed class space mapped at: 0x00000260db000000-0x000002611b000000, reserved size: 1073741824
Narrow klass base: 0x00000260da000000, Narrow klass shift: 0, Narrow klass range: 0x100000000

GC Precious Log:
 CPUs: 8 total, 8 available
 Memory: 16167M
 Large Page Support: Disabled
 NUMA Support: Disabled
 Compressed Oops: Enabled (Zero based)
 Heap Region Size: 2M
 Heap Min Capacity: 8M
 Heap Initial Capacity: 254M
 Heap Max Capacity: 4042M
 Pre-touch: Disabled
 Parallel Workers: 8
 Concurrent Workers: 2
 Concurrent Refinement Workers: 8
 Periodic GC: Disabled

Heap:
 garbage-first heap   total 122880K, used 47897K [0x0000000703600000, 0x0000000800000000)
  region size 2048K, 4 young (8192K), 1 survivors (2048K)
 Metaspace       used 27480K, committed 27776K, reserved 1114112K
  class space    used 2966K, committed 3136K, reserved 1048576K

Heap Regions: E=young(eden), S=young(survivor), O=old, HS=humongous(starts), HC=humongous(continues), CS=collection set, F=free, OA=open archive, CA=closed archive, TAMS=top-at-mark-start (previous, next)
|   0|0x0000000703600000, 0x0000000703800000, 0x0000000703800000|100%| O|  |TAMS 0x0000000703800000, 0x0000000703600000| Untracked 
|   1|0x0000000703800000, 0x0000000703a00000, 0x0000000703a00000|100%| O|  |TAMS 0x0000000703a00000, 0x0000000703800000| Untracked 
|   2|0x0000000703a00000, 0x0000000703c00000, 0x0000000703c00000|100%| O|  |TAMS 0x0000000703c00000, 0x0000000703a00000| Untracked 
|   3|0x0000000703c00000, 0x0000000703e00000, 0x0000000703e00000|100%| O|  |TAMS 0x0000000703e00000, 0x0000000703c00000| Untracked 
|   4|0x0000000703e00000, 0x0000000704000000, 0x0000000704000000|100%| O|  |TAMS 0x0000000704000000, 0x0000000703e00000| Untracked 
|   5|0x0000000704000000, 0x0000000704200000, 0x0000000704200000|100%| O|  |TAMS 0x00000007040b9800, 0x0000000704000000| Untracked 
|   6|0x0000000704200000, 0x0000000704400000, 0x0000000704400000|100%| O|  |TAMS 0x0000000704200000, 0x0000000704200000| Untracked 
|   7|0x0000000704400000, 0x0000000704600000, 0x0000000704600000|100%| O|  |TAMS 0x0000000704400000, 0x0000000704400000| Untracked 
|   8|0x0000000704600000, 0x0000000704800000, 0x0000000704800000|100%| O|  |TAMS 0x0000000704600000, 0x0000000704600000| Untracked 
|   9|0x0000000704800000, 0x0000000704a00000, 0x0000000704a00000|100%| O|  |TAMS 0x0000000704800000, 0x0000000704800000| Untracked 
|  10|0x0000000704a00000, 0x0000000704c00000, 0x0000000704c00000|100%| O|  |TAMS 0x0000000704a00000, 0x0000000704a00000| Untracked 
|  11|0x0000000704c00000, 0x0000000704c00000, 0x0000000704e00000|  0%| F|  |TAMS 0x0000000704c00000, 0x0000000704c00000| Untracked 
|  12|0x0000000704e00000, 0x0000000705000000, 0x0000000705000000|100%| O|  |TAMS 0x0000000704e00000, 0x0000000704e00000| Untracked 
|  13|0x0000000705000000, 0x0000000705200000, 0x0000000705200000|100%| O|  |TAMS 0x0000000705000000, 0x0000000705000000| Untracked 
|  14|0x0000000705200000, 0x0000000705400000, 0x0000000705400000|100%| O|  |TAMS 0x0000000705200000, 0x0000000705200000| Untracked 
|  15|0x0000000705400000, 0x0000000705600000, 0x0000000705600000|100%| O|  |TAMS 0x0000000705400000, 0x0000000705400000| Untracked 
|  16|0x0000000705600000, 0x0000000705800000, 0x0000000705800000|100%| O|  |TAMS 0x0000000705600000, 0x0000000705600000| Untracked 
|  17|0x0000000705800000, 0x0000000705a00000, 0x0000000705a00000|100%| O|  |TAMS 0x0000000705800000, 0x0000000705800000| Untracked 
|  18|0x0000000705a00000, 0x0000000705c00000, 0x0000000705c00000|100%| O|  |TAMS 0x0000000705a00000, 0x0000000705a00000| Untracked 
|  19|0x0000000705c00000, 0x0000000705e00000, 0x0000000705e00000|100%| O|  |TAMS 0x0000000705c00000, 0x0000000705c00000| Untracked 
|  20|0x0000000705e00000, 0x0000000706000000, 0x0000000706000000|100%| O|  |TAMS 0x0000000705e00000, 0x0000000705e00000| Untracked 
|  21|0x0000000706000000, 0x0000000706000000, 0x0000000706200000|  0%| F|  |TAMS 0x0000000706000000, 0x0000000706000000| Untracked 
|  22|0x0000000706200000, 0x0000000706200000, 0x0000000706400000|  0%| F|  |TAMS 0x0000000706200000, 0x0000000706200000| Untracked 
|  23|0x0000000706400000, 0x0000000706400000, 0x0000000706600000|  0%| F|  |TAMS 0x0000000706400000, 0x0000000706400000| Untracked 
|  24|0x0000000706600000, 0x0000000706600000, 0x0000000706800000|  0%| F|  |TAMS 0x0000000706600000, 0x0000000706600000| Untracked 
|  25|0x0000000706800000, 0x0000000706800000, 0x0000000706a00000|  0%| F|  |TAMS 0x0000000706800000, 0x0000000706800000| Untracked 
|  26|0x0000000706a00000, 0x0000000706b47800, 0x0000000706c00000| 63%| O|  |TAMS 0x0000000706a00000, 0x0000000706a00000| Untracked 
|  27|0x0000000706c00000, 0x0000000706c00000, 0x0000000706e00000|  0%| F|  |TAMS 0x0000000706c00000, 0x0000000706c00000| Untracked 
|  28|0x0000000706e00000, 0x0000000706e00000, 0x0000000707000000|  0%| F|  |TAMS 0x0000000706e00000, 0x0000000706e00000| Untracked 
|  29|0x0000000707000000, 0x0000000707000000, 0x0000000707200000|  0%| F|  |TAMS 0x0000000707000000, 0x0000000707000000| Untracked 
|  30|0x0000000707200000, 0x0000000707200000, 0x0000000707400000|  0%| F|  |TAMS 0x0000000707200000, 0x0000000707200000| Untracked 
|  31|0x0000000707400000, 0x0000000707400000, 0x0000000707600000|  0%| F|  |TAMS 0x0000000707400000, 0x0000000707400000| Untracked 
|  32|0x0000000707600000, 0x0000000707600000, 0x0000000707800000|  0%| F|  |TAMS 0x0000000707600000, 0x0000000707600000| Untracked 
|  33|0x0000000707800000, 0x0000000707800000, 0x0000000707a00000|  0%| F|  |TAMS 0x0000000707800000, 0x0000000707800000| Untracked 
|  34|0x0000000707a00000, 0x0000000707a00000, 0x0000000707c00000|  0%| F|  |TAMS 0x0000000707a00000, 0x0000000707a00000| Untracked 
|  35|0x0000000707c00000, 0x0000000707c00000, 0x0000000707e00000|  0%| F|  |TAMS 0x0000000707c00000, 0x0000000707c00000| Untracked 
|  36|0x0000000707e00000, 0x0000000707e00000, 0x0000000708000000|  0%| F|  |TAMS 0x0000000707e00000, 0x0000000707e00000| Untracked 
|  37|0x0000000708000000, 0x0000000708000000, 0x0000000708200000|  0%| F|  |TAMS 0x0000000708000000, 0x0000000708000000| Untracked 
|  38|0x0000000708200000, 0x0000000708200000, 0x0000000708400000|  0%| F|  |TAMS 0x0000000708200000, 0x0000000708200000| Untracked 
|  39|0x0000000708400000, 0x0000000708400000, 0x0000000708600000|  0%| F|  |TAMS 0x0000000708400000, 0x0000000708400000| Untracked 
|  40|0x0000000708600000, 0x0000000708600000, 0x0000000708800000|  0%| F|  |TAMS 0x0000000708600000, 0x0000000708600000| Untracked 
|  41|0x0000000708800000, 0x0000000708800000, 0x0000000708a00000|  0%| F|  |TAMS 0x0000000708800000, 0x0000000708800000| Untracked 
|  42|0x0000000708a00000, 0x0000000708a00000, 0x0000000708c00000|  0%| F|  |TAMS 0x0000000708a00000, 0x0000000708a00000| Untracked 
|  43|0x0000000708c00000, 0x0000000708c00000, 0x0000000708e00000|  0%| F|  |TAMS 0x0000000708c00000, 0x0000000708c00000| Untracked 
|  44|0x0000000708e00000, 0x0000000708e00000, 0x0000000709000000|  0%| F|  |TAMS 0x0000000708e00000, 0x0000000708e00000| Untracked 
|  45|0x0000000709000000, 0x0000000709000000, 0x0000000709200000|  0%| F|  |TAMS 0x0000000709000000, 0x0000000709000000| Untracked 
|  46|0x0000000709200000, 0x0000000709200000, 0x0000000709400000|  0%| F|  |TAMS 0x0000000709200000, 0x0000000709200000| Untracked 
|  47|0x0000000709400000, 0x0000000709400000, 0x0000000709600000|  0%| F|  |TAMS 0x0000000709400000, 0x0000000709400000| Untracked 
|  48|0x0000000709600000, 0x0000000709600000, 0x0000000709800000|  0%| F|  |TAMS 0x0000000709600000, 0x0000000709600000| Untracked 
|  49|0x0000000709800000, 0x0000000709800000, 0x0000000709a00000|  0%| F|  |TAMS 0x0000000709800000, 0x0000000709800000| Untracked 
|  50|0x0000000709a00000, 0x0000000709a00000, 0x0000000709c00000|  0%| F|  |TAMS 0x0000000709a00000, 0x0000000709a00000| Untracked 
|  51|0x0000000709c00000, 0x0000000709c00000, 0x0000000709e00000|  0%| F|  |TAMS 0x0000000709c00000, 0x0000000709c00000| Untracked 
|  52|0x0000000709e00000, 0x0000000709e00000, 0x000000070a000000|  0%| F|  |TAMS 0x0000000709e00000, 0x0000000709e00000| Untracked 
|  53|0x000000070a000000, 0x000000070a000000, 0x000000070a200000|  0%| F|  |TAMS 0x000000070a000000, 0x000000070a000000| Untracked 
|  78|0x000000070d200000, 0x000000070d200000, 0x000000070d400000|  0%| F|  |TAMS 0x000000070d200000, 0x000000070d200000| Untracked 
|  79|0x000000070d400000, 0x000000070d400000, 0x000000070d600000|  0%| F|  |TAMS 0x000000070d400000, 0x000000070d400000| Untracked 
|  86|0x000000070e200000, 0x000000070e2babc8, 0x000000070e400000| 36%| E|  |TAMS 0x000000070e200000, 0x000000070e200000| Complete 
|  87|0x000000070e400000, 0x000000070e600000, 0x000000070e600000|100%| E|CS|TAMS 0x000000070e400000, 0x000000070e400000| Complete 
|  88|0x000000070e600000, 0x000000070e77ed70, 0x000000070e800000| 74%| S|CS|TAMS 0x000000070e600000, 0x000000070e600000| Complete 
| 126|0x0000000713200000, 0x0000000713400000, 0x0000000713400000|100%| E|CS|TAMS 0x0000000713200000, 0x0000000713200000| Complete 

Card table byte_map: [0x00000260ce480000,0x00000260cec70000] _byte_map_base: 0x00000260cac65000

Marking Bits (Prev, Next): (CMBitMap*) 0x00000260b6ece6f0, (CMBitMap*) 0x00000260b6ece6b0
 Prev Bits: [0x00000260d3390000, 0x00000260d72b8000)
 Next Bits: [0x00000260cf460000, 0x00000260d3388000)

Polling page: 0x00000260b6600000

Metaspace:

Usage:
  Non-class:     23.94 MB used.
      Class:      2.90 MB used.
       Both:     26.84 MB used.

Virtual space:
  Non-class space:       64.00 MB reserved,      24.06 MB ( 38%) committed,  1 nodes.
      Class space:        1.00 GB reserved,       3.06 MB ( <1%) committed,  1 nodes.
             Both:        1.06 GB reserved,      27.12 MB (  2%) committed. 

Chunk freelists:
   Non-Class:  7.50 MB
       Class:  12.83 MB
        Both:  20.33 MB

MaxMetaspaceSize: unlimited
CompressedClassSpaceSize: 1.00 GB
Initial GC threshold: 21.00 MB
Current GC threshold: 35.25 MB
CDS: on
MetaspaceReclaimPolicy: balanced
 - commit_granule_bytes: 65536.
 - commit_granule_words: 8192.
 - virtual_space_node_default_size: 8388608.
 - enlarge_chunks_in_place: 1.
 - new_chunks_are_fully_committed: 0.
 - uncommit_free_chunks: 1.
 - use_allocation_guard: 0.
 - handle_deallocations: 1.


Internal statistics:

num_allocs_failed_limit: 3.
num_arena_births: 366.
num_arena_deaths: 0.
num_vsnodes_births: 2.
num_vsnodes_deaths: 0.
num_space_committed: 434.
num_space_uncommitted: 0.
num_chunks_returned_to_freelist: 3.
num_chunks_taken_from_freelist: 1064.
num_chunk_merges: 3.
num_chunk_splits: 732.
num_chunks_enlarged: 551.
num_inconsistent_stats: 0.

CodeHeap 'non-profiled nmethods': size=120000Kb used=2323Kb max_used=2450Kb free=117676Kb
 bounds [0x00000260c6430000, 0x00000260c66b0000, 0x00000260cd960000]
CodeHeap 'profiled nmethods': size=120000Kb used=6356Kb max_used=7723Kb free=113643Kb
 bounds [0x00000260be960000, 0x00000260bf0f0000, 0x00000260c5e90000]
CodeHeap 'non-nmethods': size=5760Kb used=1273Kb max_used=1358Kb free=4486Kb
 bounds [0x00000260c5e90000, 0x00000260c6100000, 0x00000260c6430000]
 total_blobs=3690 nmethods=3116 adapters=486
 compilation: enabled
              stopped_count=0, restarted_count=0
 full_count=0

Compilation events (20 events):
Event: 3.453 Thread 0x00000260d96a85e0 3701       3       java.util.stream.ReferencePipeline$2::opWrapSink (10 bytes)
Event: 3.453 Thread 0x00000260d96a85e0 nmethod 3701 0x00000260beeece10 code [0x00000260beeed000, 0x00000260beeed5c8]
Event: 3.453 Thread 0x00000260d96a85e0 3702       3       java.util.stream.ReferencePipeline$2$1::<init> (11 bytes)
Event: 3.453 Thread 0x00000260d96a85e0 nmethod 3702 0x00000260beeec590 code [0x00000260beeec760, 0x00000260beeecc68]
Event: 3.453 Thread 0x00000260d96a85e0 3703       3       java.util.stream.ReferencePipeline$2$1::begin (13 bytes)
Event: 3.453 Thread 0x00000260d96a85e0 nmethod 3703 0x00000260bea65a10 code [0x00000260bea65bc0, 0x00000260bea65da8]
Event: 3.453 Thread 0x00000260d96a85e0 3705       3       java.lang.invoke.DirectMethodHandle::makeAllocator (137 bytes)
Event: 3.453 Thread 0x00000260d96a85e0 nmethod 3705 0x00000260bef01710 code [0x00000260bef01920, 0x00000260bef01d98]
Event: 3.454 Thread 0x00000260d96a85e0 3706       3       java.util.ArrayDeque::addLast (51 bytes)
Event: 3.454 Thread 0x00000260d96a85e0 nmethod 3706 0x00000260bef00e90 code [0x00000260bef01060, 0x00000260bef01538]
Event: 3.455 Thread 0x00000260d96a85e0 3707       3       java.util.stream.Collectors$$Lambda$239/0x00000260db160f48::accept (14 bytes)
Event: 3.455 Thread 0x00000260d96a85e0 nmethod 3707 0x00000260bef00490 code [0x00000260bef00660, 0x00000260bef00c28]
Event: 3.457 Thread 0x00000260d96a85e0 3708       3       java.util.zip.ZipFile$ZipFileInflaterInputStream::available (44 bytes)
Event: 3.457 Thread 0x00000260d96a85e0 nmethod 3708 0x00000260beeebd90 code [0x00000260beeebf60, 0x00000260beeec2e8]
Event: 3.457 Thread 0x00000260d96a85e0 3709   !   3       java.util.zip.Inflater::getBytesWritten (23 bytes)
Event: 3.458 Thread 0x00000260d96a85e0 nmethod 3709 0x00000260bea3af90 code [0x00000260bea3b140, 0x00000260bea3b368]
Event: 3.458 Thread 0x00000260d96a85e0 3710       3       java.nio.ByteBuffer::hasArray (20 bytes)
Event: 3.458 Thread 0x00000260d96a85e0 nmethod 3710 0x00000260beacca90 code [0x00000260beaccc20, 0x00000260beaccdd8]
Event: 3.458 Thread 0x000002612050c370 nmethod 3686 0x00000260c65fed90 code [0x00000260c65fefc0, 0x00000260c65fff90]
Event: 3.458 Thread 0x000002612050c370 3692       4       org.aspectj.apache.bcel.generic.MethodGen::<init> (998 bytes)

GC Heap History (12 events):
Event: 0.417 GC heap before
{Heap before GC invocations=0 (full 0):
 garbage-first heap   total 260096K, used 20480K [0x0000000703600000, 0x0000000800000000)
  region size 2048K, 11 young (22528K), 0 survivors (0K)
 Metaspace       used 5023K, committed 5248K, reserved 1114112K
  class space    used 480K, committed 576K, reserved 1048576K
}
Event: 0.419 GC heap after
{Heap after GC invocations=1 (full 0):
 garbage-first heap   total 260096K, used 6978K [0x0000000703600000, 0x0000000800000000)
  region size 2048K, 2 young (4096K), 2 survivors (4096K)
 Metaspace       used 5023K, committed 5248K, reserved 1114112K
  class space    used 480K, committed 576K, reserved 1048576K
}
Event: 0.827 GC heap before
{Heap before GC invocations=1 (full 0):
 garbage-first heap   total 260096K, used 31554K [0x0000000703600000, 0x0000000800000000)
  region size 2048K, 14 young (28672K), 2 survivors (4096K)
 Metaspace       used 8428K, committed 8576K, reserved 1114112K
  class space    used 767K, committed 832K, reserved 1048576K
}
Event: 0.832 GC heap after
{Heap after GC invocations=2 (full 0):
 garbage-first heap   total 260096K, used 11732K [0x0000000703600000, 0x0000000800000000)
  region size 2048K, 2 young (4096K), 2 survivors (4096K)
 Metaspace       used 8428K, committed 8576K, reserved 1114112K
  class space    used 767K, committed 832K, reserved 1048576K
}
Event: 1.434 GC heap before
{Heap before GC invocations=2 (full 0):
 garbage-first heap   total 260096K, used 91604K [0x0000000703600000, 0x0000000800000000)
  region size 2048K, 41 young (83968K), 2 survivors (4096K)
 Metaspace       used 14594K, committed 14784K, reserved 1114112K
  class space    used 1325K, committed 1408K, reserved 1048576K
}
Event: 1.441 GC heap after
{Heap after GC invocations=3 (full 0):
 garbage-first heap   total 260096K, used 23270K [0x0000000703600000, 0x0000000800000000)
  region size 2048K, 6 young (12288K), 6 survivors (12288K)
 Metaspace       used 14594K, committed 14784K, reserved 1114112K
  class space    used 1325K, committed 1408K, reserved 1048576K
}
Event: 2.124 GC heap before
{Heap before GC invocations=3 (full 0):
 garbage-first heap   total 260096K, used 99046K [0x0000000703600000, 0x0000000800000000)
  region size 2048K, 44 young (90112K), 6 survivors (12288K)
 Metaspace       used 21316K, committed 21504K, reserved 1114112K
  class space    used 2146K, committed 2240K, reserved 1048576K
}
Event: 2.133 GC heap after
{Heap after GC invocations=4 (full 0):
 garbage-first heap   total 260096K, used 32733K [0x0000000703600000, 0x0000000800000000)
  region size 2048K, 5 young (10240K), 5 survivors (10240K)
 Metaspace       used 21316K, committed 21504K, reserved 1114112K
  class space    used 2146K, committed 2240K, reserved 1048576K
}
Event: 2.701 GC heap before
{Heap before GC invocations=5 (full 0):
 garbage-first heap   total 122880K, used 90077K [0x0000000703600000, 0x0000000800000000)
  region size 2048K, 34 young (69632K), 5 survivors (10240K)
 Metaspace       used 26752K, committed 27136K, reserved 1114112K
  class space    used 2845K, committed 3008K, reserved 1048576K
}
Event: 2.710 GC heap after
{Heap after GC invocations=6 (full 0):
 garbage-first heap   total 122880K, used 42916K [0x0000000703600000, 0x0000000800000000)
  region size 2048K, 5 young (10240K), 5 survivors (10240K)
 Metaspace       used 26752K, committed 27136K, reserved 1114112K
  class space    used 2845K, committed 3008K, reserved 1048576K
}
Event: 3.428 GC heap before
{Heap before GC invocations=6 (full 0):
 garbage-first heap   total 122880K, used 44964K [0x0000000703600000, 0x0000000800000000)
  region size 2048K, 6 young (12288K), 5 survivors (10240K)
 Metaspace       used 27273K, committed 27648K, reserved 1114112K
  class space    used 2936K, committed 3136K, reserved 1048576K
}
Event: 3.435 GC heap after
{Heap after GC invocations=7 (full 0):
 garbage-first heap   total 122880K, used 43801K [0x0000000703600000, 0x0000000800000000)
  region size 2048K, 1 young (2048K), 1 survivors (2048K)
 Metaspace       used 27273K, committed 27648K, reserved 1114112K
  class space    used 2936K, committed 3136K, reserved 1048576K
}

Dll operation events (12 events):
Event: 0.007 Loaded shared library C:\Users\Shiri\.jdks\corretto-17.0.10\bin\java.dll
Event: 0.021 Loaded shared library C:\Users\Shiri\.jdks\corretto-17.0.10\bin\jsvml.dll
Event: 0.114 Loaded shared library C:\Users\Shiri\.jdks\corretto-17.0.10\bin\zip.dll
Event: 0.116 Loaded shared library C:\Users\Shiri\.jdks\corretto-17.0.10\bin\instrument.dll
Event: 0.120 Loaded shared library C:\Users\Shiri\.jdks\corretto-17.0.10\bin\net.dll
Event: 0.121 Loaded shared library C:\Users\Shiri\.jdks\corretto-17.0.10\bin\nio.dll
Event: 0.125 Loaded shared library C:\Users\Shiri\.jdks\corretto-17.0.10\bin\zip.dll
Event: 0.185 Loaded shared library C:\Users\Shiri\.jdks\corretto-17.0.10\bin\jimage.dll
Event: 0.468 Loaded shared library C:\Users\Shiri\AppData\Local\JetBrains\IntelliJ IDEA Community Edition 2023.3.2\bin\breakgen64.dll
Event: 0.483 Loaded shared library C:\Users\Shiri\.jdks\corretto-17.0.10\bin\extnet.dll
Event: 0.581 Loaded shared library C:\Users\Shiri\.jdks\corretto-17.0.10\bin\verify.dll
Event: 2.432 Loaded shared library C:\Users\Shiri\.jdks\corretto-17.0.10\bin\sunmscapi.dll

Deoptimization events (20 events):
Event: 2.621 Thread 0x00000260b6e5ddd0 DEOPT PACKING pc=0x00000260c6637ba0 sp=0x000000c205afd5a0
Event: 2.621 Thread 0x00000260b6e5ddd0 DEOPT UNPACKING pc=0x00000260c5eea1a3 sp=0x000000c205afd530 mode 2
Event: 2.621 Thread 0x00000260b6e5ddd0 Uncommon trap: trap_request=0xffffffde fr.pc=0x00000260c651c8f4 relative=0x00000000000000d4
Event: 2.621 Thread 0x00000260b6e5ddd0 Uncommon trap: reason=class_check action=maybe_recompile pc=0x00000260c651c8f4 method=java.util.Collections$UnmodifiableCollection$1.next()Ljava/lang/Object; @ 4 c2
Event: 2.621 Thread 0x00000260b6e5ddd0 DEOPT PACKING pc=0x00000260c651c8f4 sp=0x000000c205afd570
Event: 2.621 Thread 0x00000260b6e5ddd0 DEOPT UNPACKING pc=0x00000260c5eea1a3 sp=0x000000c205afd520 mode 2
Event: 2.624 Thread 0x00000260b6e5ddd0 Uncommon trap: trap_request=0xffffffde fr.pc=0x00000260c65cc580 relative=0x0000000000002720
Event: 2.624 Thread 0x00000260b6e5ddd0 Uncommon trap: reason=class_check action=maybe_recompile pc=0x00000260c65cc580 method=org.aspectj.apache.bcel.classfile.FieldOrMethod.getAnnotations()[Lorg/aspectj/apache/bcel/classfile/annotation/AnnotationGen; @ 48 c2
Event: 2.624 Thread 0x00000260b6e5ddd0 DEOPT PACKING pc=0x00000260c65cc580 sp=0x000000c205af6d60
Event: 2.624 Thread 0x00000260b6e5ddd0 DEOPT UNPACKING pc=0x00000260c5eea1a3 sp=0x000000c205af6ce8 mode 2
Event: 2.725 Thread 0x0000026121f784f0 Uncommon trap: trap_request=0xffffff45 fr.pc=0x00000260c65f8164 relative=0x00000000000001a4
Event: 2.725 Thread 0x0000026121f784f0 Uncommon trap: reason=unstable_if action=reinterpret pc=0x00000260c65f8164 method=java.lang.ThreadLocal$ThreadLocalMap.getEntry(Ljava/lang/ThreadLocal;)Ljava/lang/ThreadLocal$ThreadLocalMap$Entry; @ 29 c2
Event: 2.725 Thread 0x0000026121f784f0 DEOPT PACKING pc=0x00000260c65f8164 sp=0x000000c2080fe760
Event: 2.725 Thread 0x0000026121f784f0 DEOPT UNPACKING pc=0x00000260c5eea1a3 sp=0x000000c2080fe678 mode 2
Event: 2.725 Thread 0x0000026121f784f0 Uncommon trap: trap_request=0xffffff45 fr.pc=0x00000260c65748c4 relative=0x00000000000000c4
Event: 2.725 Thread 0x0000026121f784f0 Uncommon trap: reason=unstable_if action=reinterpret pc=0x00000260c65748c4 method=java.lang.ThreadLocal$ThreadLocalMap.getEntry(Ljava/lang/ThreadLocal;)Ljava/lang/ThreadLocal$ThreadLocalMap$Entry; @ 29 c2
Event: 2.725 Thread 0x0000026121f784f0 DEOPT PACKING pc=0x00000260c65748c4 sp=0x000000c2080fe6e0
Event: 2.725 Thread 0x0000026121f784f0 DEOPT UNPACKING pc=0x00000260c5eea1a3 sp=0x000000c2080fe680 mode 2
Event: 3.446 Thread 0x00000260b6e5ddd0 DEOPT PACKING pc=0x00000260beca9bf8 sp=0x000000c205af8a50
Event: 3.446 Thread 0x00000260b6e5ddd0 DEOPT UNPACKING pc=0x00000260c5eeace3 sp=0x000000c205af8070 mode 0

Classes unloaded (0 events):
No events

Classes redefined (0 events):
No events

Internal exceptions (20 events):
Event: 2.499 Thread 0x00000260b6e5ddd0 Exception <a 'java/lang/NoSuchMethodError'{0x00000007077cd918}: 'void java.lang.invoke.DirectMethodHandle$Holder.invokeStatic(java.lang.Object, long)'> (0x00000007077cd918) 
thrown [s\src\hotspot\share\interpreter\linkResolver.cpp, line 759]
Event: 2.500 Thread 0x00000260b6e5ddd0 Exception <a 'java/lang/NoSuchMethodError'{0x00000007077d2f68}: 'java.lang.Object java.lang.invoke.DirectMethodHandle$Holder.newInvokeSpecial(java.lang.Object, long)'> (0x00000007077d2f68) 
thrown [s\src\hotspot\share\interpreter\linkResolver.cpp, line 759]
Event: 2.501 Thread 0x00000260b6e5ddd0 Exception <a 'java/lang/NoSuchMethodError'{0x00000007077dcb18}: 'java.lang.Object java.lang.invoke.DirectMethodHandle$Holder.invokeStatic(java.lang.Object, java.lang.Object, long, java.lang.Object)'> (0x00000007077dcb18) 
thrown [s\src\hotspot\share\interpreter\linkResolver.cpp, line 759]
Event: 2.501 Thread 0x00000260b6e5ddd0 Exception <a 'java/lang/NoSuchMethodError'{0x00000007077e05b0}: 'java.lang.Object java.lang.invoke.DirectMethodHandle$Holder.invokeStaticInit(java.lang.Object, java.lang.Object, long, java.lang.Object)'> (0x00000007077e05b0) 
thrown [s\src\hotspot\share\interpreter\linkResolver.cpp, line 759]
Event: 2.502 Thread 0x00000260b6e5ddd0 Exception <a 'java/lang/NoSuchMethodError'{0x00000007077e68e0}: 'java.lang.Object java.lang.invoke.DirectMethodHandle$Holder.newInvokeSpecial(java.lang.Object, java.lang.Object, long)'> (0x00000007077e68e0) 
thrown [s\src\hotspot\share\interpreter\linkResolver.cpp, line 759]
Event: 2.515 Thread 0x0000026121f75250 Exception <a 'java/net/ConnectException'{0x00000007075ff778}: Connection refused: no further information> (0x00000007075ff778) 
thrown [s\src\hotspot\share\prims\jni.cpp, line 535]
Event: 2.515 Thread 0x0000026121f75250 Exception <a 'java/net/SocketException'{0x00000007075ffab0}: Socket is not connected: shutdown> (0x00000007075ffab0) 
thrown [s\src\hotspot\share\prims\jni.cpp, line 535]
Event: 2.531 Thread 0x0000026121f75250 Exception <a 'java/net/ConnectException'{0x0000000707201e70}: Connection refused: no further information> (0x0000000707201e70) 
thrown [s\src\hotspot\share\prims\jni.cpp, line 535]
Event: 2.531 Thread 0x0000026121f75250 Exception <a 'java/net/SocketException'{0x00000007072021a8}: Socket is not connected: shutdown> (0x00000007072021a8) 
thrown [s\src\hotspot\share\prims\jni.cpp, line 535]
Event: 2.587 Thread 0x00000260b6e5ddd0 Exception <a 'java/lang/NoSuchMethodError'{0x00000007073e0890}: 'double java.lang.invoke.DirectMethodHandle$Holder.invokeVirtual(java.lang.Object, java.lang.Object)'> (0x00000007073e0890) 
thrown [s\src\hotspot\share\interpreter\linkResolver.cpp, line 759]
Event: 2.587 Thread 0x00000260b6e5ddd0 Exception <a 'java/lang/NoSuchMethodError'{0x00000007073e7038}: 'float java.lang.invoke.DirectMethodHandle$Holder.invokeVirtual(java.lang.Object, java.lang.Object)'> (0x00000007073e7038) 
thrown [s\src\hotspot\share\interpreter\linkResolver.cpp, line 759]
Event: 2.587 Thread 0x00000260b6e5ddd0 Exception <a 'java/lang/NoSuchMethodError'{0x00000007073f0018}: 'long java.lang.invoke.DirectMethodHandle$Holder.invokeVirtual(java.lang.Object, java.lang.Object)'> (0x00000007073f0018) 
thrown [s\src\hotspot\share\interpreter\linkResolver.cpp, line 759]
Event: 2.616 Thread 0x00000260b6e5ddd0 Exception <a 'java/lang/NoSuchMethodError'{0x0000000706e911b0}: 'java.lang.Object java.lang.invoke.DirectMethodHandle$Holder.newInvokeSpecial(java.lang.Object, java.lang.Object, int, int)'> (0x0000000706e911b0) 
thrown [s\src\hotspot\share\interpreter\linkResolver.cpp, line 759]
Event: 2.616 Thread 0x00000260b6e5ddd0 Exception <a 'java/lang/NoSuchMethodError'{0x0000000706e9bf00}: 'void java.lang.invoke.DirectMethodHandle$Holder.invokeStatic(java.lang.Object, java.lang.Object, int)'> (0x0000000706e9bf00) 
thrown [s\src\hotspot\share\interpreter\linkResolver.cpp, line 759]
Event: 2.681 Thread 0x0000026121f784f0 Exception <a 'java/lang/NoSuchMethodError'{0x0000000706b58910}: 'java.lang.Object java.lang.invoke.DirectMethodHandle$Holder.invokeSpecial(java.lang.Object, java.lang.Object, java.lang.Object, java.lang.Object, int)'> (0x0000000706b58910) 
thrown [s\src\hotspot\share\interpreter\linkResolver.cpp, line 759]
Event: 2.681 Thread 0x0000026121f784f0 Exception <a 'java/lang/NoSuchMethodError'{0x0000000706b5c4d8}: 'java.lang.Object java.lang.invoke.Invokers$Holder.linkToTargetMethod(java.lang.Object, java.lang.Object, int, java.lang.Object)'> (0x0000000706b5c4d8) 
thrown [s\src\hotspot\share\interpreter\linkResolver.cpp, line 759]
Event: 2.698 Thread 0x0000026121f784f0 Exception <a 'java/lang/NoSuchMethodError'{0x0000000706bebef0}: 'void java.lang.invoke.DirectMethodHandle$Holder.invokeSpecial(java.lang.Object, java.lang.Object, java.lang.Object, java.lang.Object, java.lang.Object)'> (0x0000000706bebef0) 
thrown [s\src\hotspot\share\interpreter\linkResolver.cpp, line 759]
Event: 3.413 Thread 0x0000026121f784f0 Exception <a 'java/lang/NoSuchMethodError'{0x00000007132ff3a8}: 'java.lang.Object java.lang.invoke.DirectMethodHandle$Holder.newInvokeSpecial(java.lang.Object, java.lang.Object, long, java.lang.Object, java.lang.Object, java.lang.Object)'> (0x00000007132ff3a8) 
thrown [s\src\hotspot\share\interpreter\linkResolver.cpp, line 759]
Event: 3.415 Thread 0x0000026121f784f0 Exception <a 'java/lang/NoSuchMethodError'{0x000000071331c168}: 'void java.lang.invoke.DirectMethodHandle$Holder.invokeSpecial(java.lang.Object, java.lang.Object, java.lang.Object, java.lang.Object, java.lang.Object, java.lang.Object, java.lang.Object)'> (0x000000071331c168) 
thrown [s\src\hotspot\share\interpreter\linkResolver.cpp, line 759]
Event: 3.427 Thread 0x00000260b6e5ddd0 Exception <a 'java/lang/NoSuchMethodError'{0x00000007133dc140}: 'java.lang.Object java.lang.invoke.DirectMethodHandle$Holder.invokeSpecialIFC(java.lang.Object, java.lang.Object, java.lang.Object)'> (0x00000007133dc140) 
thrown [s\src\hotspot\share\interpreter\linkResolver.cpp, line 759]

VM Operations (20 events):
Event: 2.270 Executing VM operation: HandshakeAllThreads
Event: 2.270 Executing VM operation: HandshakeAllThreads done
Event: 2.277 Executing VM operation: HandshakeAllThreads
Event: 2.277 Executing VM operation: HandshakeAllThreads done
Event: 2.287 Executing VM operation: HandshakeAllThreads
Event: 2.287 Executing VM operation: HandshakeAllThreads done
Event: 2.563 Executing VM operation: HandshakeAllThreads
Event: 2.564 Executing VM operation: HandshakeAllThreads done
Event: 2.564 Executing VM operation: HandshakeAllThreads
Event: 2.564 Executing VM operation: HandshakeAllThreads done
Event: 2.566 Executing VM operation: HandshakeAllThreads
Event: 2.566 Executing VM operation: HandshakeAllThreads done
Event: 2.599 Executing VM operation: ICBufferFull
Event: 2.599 Executing VM operation: ICBufferFull done
Event: 2.700 Executing VM operation: G1CollectForAllocation
Event: 2.710 Executing VM operation: G1CollectForAllocation done
Event: 3.408 Executing VM operation: HandshakeAllThreads
Event: 3.408 Executing VM operation: HandshakeAllThreads done
Event: 3.428 Executing VM operation: G1CollectForAllocation
Event: 3.435 Executing VM operation: G1CollectForAllocation done

Events (20 events):
Event: 3.411 loading class java/util/stream/ReferencePipeline$5
Event: 3.411 loading class java/util/stream/LongPipeline$StatelessOp
Event: 3.411 loading class java/util/stream/LongPipeline
Event: 3.411 loading class java/util/stream/LongStream
Event: 3.411 loading class java/util/stream/LongStream done
Event: 3.411 loading class java/util/stream/LongPipeline done
Event: 3.412 loading class java/util/stream/LongPipeline$StatelessOp done
Event: 3.412 loading class java/util/stream/ReferencePipeline$5 done
Event: 3.412 loading class java/util/stream/FindOps$FindSink$OfLong
Event: 3.412 loading class java/util/stream/Sink$OfLong
Event: 3.412 loading class java/util/stream/Sink$OfLong done
Event: 3.412 loading class java/util/stream/FindOps$FindSink$OfLong done
Event: 3.412 loading class java/util/OptionalLong
Event: 3.412 loading class java/util/OptionalLong done
Event: 3.412 loading class java/util/stream/ReferencePipeline$5$1
Event: 3.412 loading class java/util/stream/ReferencePipeline$5$1 done
Event: 3.423 loading class java/math/MathContext
Event: 3.423 loading class java/math/MathContext done
Event: 3.443 Thread 0x000002611bb280a0 Thread added: 0x000002611bb280a0
Event: 3.443 Thread 0x000002612050c370 Thread added: 0x000002612050c370


Dynamic libraries:
0x00007ff6ecbd0000 - 0x00007ff6ecbde000 	C:\Users\Shiri\.jdks\corretto-17.0.10\bin\java.exe
0x00007ff817670000 - 0x00007ff817887000 	C:\Windows\SYSTEM32\ntdll.dll
0x00007ff816040000 - 0x00007ff816104000 	C:\Windows\System32\KERNEL32.DLL
0x00007ff814a10000 - 0x00007ff814dbc000 	C:\Windows\System32\KERNELBASE.dll
0x00007ff815080000 - 0x00007ff815191000 	C:\Windows\System32\ucrtbase.dll
0x00007ff801f90000 - 0x00007ff801fab000 	C:\Users\Shiri\.jdks\corretto-17.0.10\bin\VCRUNTIME140.dll
0x00007ff802da0000 - 0x00007ff802db7000 	C:\Users\Shiri\.jdks\corretto-17.0.10\bin\jli.dll
0x00007ff8159e0000 - 0x00007ff815b8e000 	C:\Windows\System32\USER32.dll
0x00007ff8152e0000 - 0x00007ff815306000 	C:\Windows\System32\win32u.dll
0x00007ffffcb70000 - 0x00007ffffce03000 	C:\Windows\WinSxS\amd64_microsoft.windows.common-controls_6595b64144ccf1df_6.0.22621.3672_none_2713b9d173822955\COMCTL32.dll
0x00007ff816110000 - 0x00007ff816139000 	C:\Windows\System32\GDI32.dll
0x00007ff8161c0000 - 0x00007ff816267000 	C:\Windows\System32\msvcrt.dll
0x00007ff814f30000 - 0x00007ff815049000 	C:\Windows\System32\gdi32full.dll
0x00007ff815310000 - 0x00007ff8153aa000 	C:\Windows\System32\msvcp_win.dll
0x00007ff815f40000 - 0x00007ff815f71000 	C:\Windows\System32\IMM32.DLL
0x00007ff80e550000 - 0x00007ff80e55c000 	C:\Users\Shiri\.jdks\corretto-17.0.10\bin\vcruntime140_1.dll
0x00007fffc30f0000 - 0x00007fffc317d000 	C:\Users\Shiri\.jdks\corretto-17.0.10\bin\msvcp140.dll
0x00007fff82160000 - 0x00007fff82dc2000 	C:\Users\Shiri\.jdks\corretto-17.0.10\bin\server\jvm.dll
0x00007ff815500000 - 0x00007ff8155b2000 	C:\Windows\System32\ADVAPI32.dll
0x00007ff817480000 - 0x00007ff81752a000 	C:\Windows\System32\sechost.dll
0x00007ff815050000 - 0x00007ff815078000 	C:\Windows\System32\bcrypt.dll
0x00007ff816e00000 - 0x00007ff816f15000 	C:\Windows\System32\RPCRT4.dll
0x00007ff80f9c0000 - 0x00007ff80f9c9000 	C:\Windows\SYSTEM32\WSOCK32.dll
0x00007ff813a70000 - 0x00007ff813abd000 	C:\Windows\SYSTEM32\POWRPROF.dll
0x00007ff80eec0000 - 0x00007ff80eef4000 	C:\Windows\SYSTEM32\WINMM.dll
0x00007ff816f20000 - 0x00007ff816f91000 	C:\Windows\System32\WS2_32.dll
0x00007ff80a890000 - 0x00007ff80a89a000 	C:\Windows\SYSTEM32\VERSION.dll
0x00007ff8139f0000 - 0x00007ff813a03000 	C:\Windows\SYSTEM32\UMPDC.dll
0x00007ff813ac0000 - 0x00007ff813ad8000 	C:\Windows\SYSTEM32\kernel.appcore.dll
0x00007ff80cce0000 - 0x00007ff80ccea000 	C:\Users\Shiri\.jdks\corretto-17.0.10\bin\jimage.dll
0x00007ff811bd0000 - 0x00007ff811e02000 	C:\Windows\SYSTEM32\DBGHELP.DLL
0x00007ff815bb0000 - 0x00007ff815f38000 	C:\Windows\System32\combase.dll
0x00007ff815900000 - 0x00007ff8159d7000 	C:\Windows\System32\OLEAUT32.dll
0x00007ffff8ba0000 - 0x00007ffff8bd2000 	C:\Windows\SYSTEM32\dbgcore.DLL
0x00007ff8151a0000 - 0x00007ff81521b000 	C:\Windows\System32\bcryptPrimitives.dll
0x00007ff80c6d0000 - 0x00007ff80c6de000 	C:\Users\Shiri\.jdks\corretto-17.0.10\bin\instrument.dll
0x00007ff80c030000 - 0x00007ff80c055000 	C:\Users\Shiri\.jdks\corretto-17.0.10\bin\java.dll
0x00007fffc3400000 - 0x00007fffc34d7000 	C:\Users\Shiri\.jdks\corretto-17.0.10\bin\jsvml.dll
0x00007ff8163f0000 - 0x00007ff816c4c000 	C:\Windows\System32\SHELL32.dll
0x00007ff8128b0000 - 0x00007ff8131a7000 	C:\Windows\SYSTEM32\windows.storage.dll
0x00007ff812770000 - 0x00007ff8128af000 	C:\Windows\SYSTEM32\wintypes.dll
0x00007ff8162f0000 - 0x00007ff8163e4000 	C:\Windows\System32\SHCORE.dll
0x00007ff815fe0000 - 0x00007ff81603e000 	C:\Windows\System32\shlwapi.dll
0x00007ff8148d0000 - 0x00007ff8148f1000 	C:\Windows\SYSTEM32\profapi.dll
0x00007fffffd00000 - 0x00007fffffd18000 	C:\Users\Shiri\.jdks\corretto-17.0.10\bin\zip.dll
0x00007ff80c010000 - 0x00007ff80c029000 	C:\Users\Shiri\.jdks\corretto-17.0.10\bin\net.dll
0x00007ff8103d0000 - 0x00007ff810506000 	C:\Windows\SYSTEM32\WINHTTP.dll
0x00007ff813f30000 - 0x00007ff813f99000 	C:\Windows\system32\mswsock.dll
0x00007ff80bf80000 - 0x00007ff80bf96000 	C:\Users\Shiri\.jdks\corretto-17.0.10\bin\nio.dll
0x00007fffffc60000 - 0x00007fffffc7a000 	C:\Users\Shiri\AppData\Local\JetBrains\IntelliJ IDEA Community Edition 2023.3.2\bin\breakgen64.dll
0x00007ff80c790000 - 0x00007ff80c799000 	C:\Users\Shiri\.jdks\corretto-17.0.10\bin\extnet.dll
0x00007ff80bef0000 - 0x00007ff80bf00000 	C:\Users\Shiri\.jdks\corretto-17.0.10\bin\verify.dll
0x00007ff814190000 - 0x00007ff8141ab000 	C:\Windows\SYSTEM32\CRYPTSP.dll
0x00007ff8139b0000 - 0x00007ff8139e5000 	C:\Windows\system32\rsaenh.dll
0x00007ff814030000 - 0x00007ff814058000 	C:\Windows\SYSTEM32\USERENV.dll
0x00007ff8141b0000 - 0x00007ff8141bc000 	C:\Windows\SYSTEM32\CRYPTBASE.dll
0x00007ff813410000 - 0x00007ff81343d000 	C:\Windows\SYSTEM32\IPHLPAPI.DLL
0x00007ff8154f0000 - 0x00007ff8154f9000 	C:\Windows\System32\NSI.dll
0x00007ff8103a0000 - 0x00007ff8103b9000 	C:\Windows\SYSTEM32\dhcpcsvc6.DLL
0x00007ff8102d0000 - 0x00007ff8102ef000 	C:\Windows\SYSTEM32\dhcpcsvc.DLL
0x00007ff813480000 - 0x00007ff813578000 	C:\Windows\SYSTEM32\DNSAPI.dll
0x00007ff8102b0000 - 0x00007ff8102ba000 	C:\Windows\System32\rasadhlp.dll
0x00007ff80ec10000 - 0x00007ff80ec93000 	C:\Windows\System32\fwpuclnt.dll
0x00007ff802470000 - 0x00007ff80247e000 	C:\Users\Shiri\.jdks\corretto-17.0.10\bin\sunmscapi.dll
0x00007ff814dc0000 - 0x00007ff814f27000 	C:\Windows\System32\CRYPT32.dll
0x00007ff814350000 - 0x00007ff81437e000 	C:\Windows\SYSTEM32\ncrypt.dll
0x00007ff814310000 - 0x00007ff814347000 	C:\Windows\SYSTEM32\NTASN1.dll
0x00007ffffffe0000 - 0x00007ffffffe8000 	C:\Windows\system32\wshunix.dll

dbghelp: loaded successfully - version: 4.0.5 - missing functions: none
symbol engine: initialized successfully - sym options: 0x614 - pdb path: .;C:\Users\Shiri\.jdks\corretto-17.0.10\bin;C:\Windows\SYSTEM32;C:\Windows\WinSxS\amd64_microsoft.windows.common-controls_6595b64144ccf1df_6.0.22621.3672_none_2713b9d173822955;C:\Users\Shiri\.jdks\corretto-17.0.10\bin\server;C:\Users\Shiri\AppData\Local\JetBrains\IntelliJ IDEA Community Edition 2023.3.2\bin

VM Arguments:
jvm_args: -ea -Dallure.results.directory=C:\Users\Shiri\Documents\NBWalleTAF\target/allure-results -javaagent:C:\Users\Shiri\.m2\repository/org/aspectj/aspectjweaver/1.9.19/aspectjweaver-1.9.19.jar -Didea.test.cyclic.buffer.size=1048576 -javaagent:C:\Users\Shiri\AppData\Local\JetBrains\IntelliJ IDEA Community Edition 2023.3.2\lib\idea_rt.jar=15473:C:\Users\Shiri\AppData\Local\JetBrains\IntelliJ IDEA Community Edition 2023.3.2\bin -Dfile.encoding=UTF-8 
java_command: com.intellij.rt.testng.RemoteTestNGStarter -usedefaultlisteners false -socket15472 @w@C:\Users\Shiri\AppData\Local\Temp\idea_working_dirs_testng.tmp -temp C:\Users\Shiri\AppData\Local\Temp\idea_testng.tmp
java_class_path (initial): C:\Users\Shiri\AppData\Local\JetBrains\IntelliJ IDEA Community Edition 2023.3.2\lib\idea_rt.jar;C:\Users\Shiri\AppData\Local\JetBrains\IntelliJ IDEA Community Edition 2023.3.2\plugins\testng\lib\testng-rt.jar;C:\Users\Shiri\Documents\NBWalleTAF\target\test-classes;C:\Users\Shiri\Documents\NBWalleTAF\target\classes;C:\Users\Shiri\.m2\repository\org\seleniumhq\selenium\selenium-java\4.18.1\selenium-java-4.18.1.jar;C:\Users\Shiri\.m2\repository\org\seleniumhq\selenium\selenium-api\4.18.1\selenium-api-4.18.1.jar;C:\Users\Shiri\.m2\repository\org\seleniumhq\selenium\selenium-chrome-driver\4.18.1\selenium-chrome-driver-4.18.1.jar;C:\Users\Shiri\.m2\repository\com\google\auto\service\auto-service-annotations\1.1.1\auto-service-annotations-1.1.1.jar;C:\Users\Shiri\.m2\repository\org\seleniumhq\selenium\selenium-chromium-driver\4.18.1\selenium-chromium-driver-4.18.1.jar;C:\Users\Shiri\.m2\repository\org\seleniumhq\selenium\selenium-json\4.18.1\selenium-json-4.18.1.jar;C:\Users\Shiri\.m2\repository\org\seleniumhq\selenium\selenium-manager\4.18.1\selenium-manager-4.18.1.jar;C:\Users\Shiri\.m2\repository\org\seleniumhq\selenium\selenium-devtools-v120\4.18.1\selenium-devtools-v120-4.18.1.jar;C:\Users\Shiri\.m2\repository\org\seleniumhq\selenium\selenium-devtools-v121\4.18.1\selenium-devtools-v121-4.18.1.jar;C:\Users\Shiri\.m2\repository\org\seleniumhq\selenium\selenium-devtools-v122\4.18.1\selenium-devtools-v122-4.18.1.jar;C:\Users\Shiri\.m2\repository\org\seleniumhq\selenium\selenium-devtools-v85\4.18.1\selenium-devtools-v85-4.18.1.jar;C:\Users\Shiri\.m2\repository\org\seleniumhq\selenium\selenium-edge-driver\4.18.1\selenium-edge-driver-4.18.1.jar;C:\Users\Shiri\.m2\repository\org\seleniumhq\selenium\selenium-firefox-driver\4.18.1\selenium-firefox-driver-4.18.1.jar;C:\Users\Shiri\.m2\repository\org\seleniumhq\selenium\selenium-http\4.18.1\selenium-http-4.18.1.jar;C:\Users\Shiri\.m2\repository\dev\failsafe\failsafe\3.3.2\failsafe-3.3.2.jar;C:\Users\S
Launcher Type: SUN_STANDARD

[Global flags]
     intx CICompilerCount                          = 4                                         {product} {ergonomic}
     uint ConcGCThreads                            = 2                                         {product} {ergonomic}
     uint G1ConcRefinementThreads                  = 8                                         {product} {ergonomic}
   size_t G1HeapRegionSize                         = 2097152                                   {product} {ergonomic}
    uintx GCDrainStackTargetSize                   = 64                                        {product} {ergonomic}
   size_t InitialHeapSize                          = 266338304                                 {product} {ergonomic}
   size_t MarkStackSize                            = 4194304                                   {product} {ergonomic}
   size_t MaxHeapSize                              = 4238344192                                {product} {ergonomic}
   size_t MaxNewSize                               = 2541748224                                {product} {ergonomic}
   size_t MinHeapDeltaBytes                        = 2097152                                   {product} {ergonomic}
   size_t MinHeapSize                              = 8388608                                   {product} {ergonomic}
    uintx NonNMethodCodeHeapSize                   = 5839372                                {pd product} {ergonomic}
    uintx NonProfiledCodeHeapSize                  = 122909434                              {pd product} {ergonomic}
    uintx ProfiledCodeHeapSize                     = 122909434                              {pd product} {ergonomic}
    uintx ReservedCodeCacheSize                    = 251658240                              {pd product} {ergonomic}
     bool SegmentedCodeCache                       = true                                      {product} {ergonomic}
   size_t SoftMaxHeapSize                          = 4238344192                             {manageable} {ergonomic}
     bool UseCompressedClassPointers               = true                           {product lp64_product} {ergonomic}
     bool UseCompressedOops                        = true                           {product lp64_product} {ergonomic}
     bool UseG1GC                                  = true                                      {product} {ergonomic}
     bool UseLargePagesIndividualAllocation        = false                                  {pd product} {ergonomic}

Logging:
Log output configuration:
 #0: stdout all=warning uptime,level,tags
 #1: stderr all=off uptime,level,tags

Environment Variables:
JAVA_HOME=C:\Program Files\Java\jdk-17
PATH=C:\Program Files\Common Files\Oracle\Java\javapath;C:\Windows\System32\HWAudioDriverLibs;C:\Windows\system32;C:\Windows;C:\Windows\System32\Wbem;C:\Windows\System32\WindowsPowerShell\v1.0\;C:\Windows\System32\OpenSSH\;C:\Users\Administrator\AppData\Local\Microsoft\WindowsApps;C:\Program Files\Git\cmd;C:\Program Files\allure-2.29.0\bin;C:\Program Files\Java\jdk-17\bin;C:\Program Files\apache-maven-3.9.7\bin;C:\Users\Shiri\AppData\Local\Microsoft\WindowsApps;
USERNAME=Shiri
OS=Windows_NT
PROCESSOR_IDENTIFIER=Intel64 Family 6 Model 140 Stepping 2, GenuineIntel
TMP=C:\Users\Shiri\AppData\Local\Temp
TEMP=C:\Users\Shiri\AppData\Local\Temp



Periodic native trim disabled


---------------  S Y S T E M  ---------------

OS:
 Windows 11 , 64 bit Build 22621 (10.0.22621.3672)
OS uptime: 12 days 0:12 hours
Hyper-V role detected

CPU: total 8 (initial active 8) (4 cores per cpu, 2 threads per core) family 6 model 140 stepping 2 microcode 0x16, cx8, cmov, fxsr, ht, mmx, 3dnowpref, sse, sse2, sse3, ssse3, sse4.1, sse4.2, popcnt, lzcnt, tsc, tscinvbit, avx, avx2, aes, erms, clmul, bmi1, bmi2, adx, avx512f, avx512dq, avx512cd, avx512bw, avx512vl, sha, fma, vzeroupper, avx512_vpopcntdq, avx512_vpclmulqdq, avx512_vaes, avx512_vnni, clflush, clflushopt, clwb, avx512_vbmi2, avx512_vbmi, hv
Processor Information for processor 0
  Max Mhz: 2496, Current Mhz: 2496, Mhz Limit: 2496
Processor Information for processor 1
  Max Mhz: 2496, Current Mhz: 1198, Mhz Limit: 2496
Processor Information for processor 2
  Max Mhz: 2496, Current Mhz: 1198, Mhz Limit: 2496
Processor Information for processor 3
  Max Mhz: 2496, Current Mhz: 2496, Mhz Limit: 2496
Processor Information for processor 4
  Max Mhz: 2496, Current Mhz: 1198, Mhz Limit: 2496
Processor Information for processor 5
  Max Mhz: 2496, Current Mhz: 1198, Mhz Limit: 2496
Processor Information for processor 6
  Max Mhz: 2496, Current Mhz: 2496, Mhz Limit: 2496
Processor Information for processor 7
  Max Mhz: 2496, Current Mhz: 2496, Mhz Limit: 2496

Memory: 4k page, system-wide physical 16167M (3643M free)
TotalPageFile size 31527M (AvailPageFile size 5M)
current process WorkingSet (physical memory assigned to process): 274M, peak: 284M
current process commit charge ("private bytes"): 318M, peak: 465M

vm_info: OpenJDK 64-Bit Server VM (17.0.10+7-LTS) for windows-amd64 JRE (17.0.10+7-LTS), built on Jan 10 2024 22:11:07 by "Administrator" with MS VC++ 16.10 / 16.11 (VS2019)

END.
