#
# There is insufficient memory for the Java Runtime Environment to continue.
# Native memory allocation (mmap) failed to map 266338304 bytes for G1 virtual space
# Possible reasons:
#   The system is out of physical RAM or swap space
#   The process is running with CompressedOops enabled, and the Java Heap may be blocking the growth of the native heap
# Possible solutions:
#   Reduce memory load on the system
#   Increase physical memory or swap space
#   Check if swap backing store is full
#   Decrease Java heap size (-Xmx/-Xms)
#   Decrease number of Java threads
#   Decrease Java thread stack sizes (-Xss)
#   Set larger code cache with -XX:ReservedCodeCacheSize=
#   JVM is running with Zero Based Compressed Oops mode in which the Java heap is
#     placed in the first 32GB address space. The Java Heap base address is the
#     maximum limit for the native heap growth. Please use -XX:HeapBaseMinAddress
#     to set the Java Heap base and to place the Java Heap above 32GB virtual address.
# This output file may be truncated or incomplete.
#
#  Out of Memory Error (os_windows.cpp:3613), pid=14600, tid=13504
#
# JRE version:  (17.0.10+7) (build )
# Java VM: OpenJDK 64-Bit Server VM (17.0.10+7-LTS, mixed mode, sharing, tiered, compressed oops, compressed class ptrs, g1 gc, windows-amd64)
# No core dump will be written. Minidumps are not enabled by default on client versions of Windows
#

---------------  S U M M A R Y ------------

Command Line: -ea -Dallure.results.directory=C:\Users\Shiri\Documents\NBWalleTAF\target/allure-results -javaagent:C:\Users\Shiri\.m2\repository/org/aspectj/aspectjweaver/1.9.19/aspectjweaver-1.9.19.jar -Didea.test.cyclic.buffer.size=1048576 -javaagent:C:\Users\Shiri\AppData\Local\JetBrains\IntelliJ IDEA Community Edition 2023.3.2\lib\idea_rt.jar=15029:C:\Users\Shiri\AppData\Local\JetBrains\IntelliJ IDEA Community Edition 2023.3.2\bin -Dfile.encoding=UTF-8 com.intellij.rt.testng.RemoteTestNGStarter -usedefaultlisteners false -socket15028 @w@C:\Users\Shiri\AppData\Local\Temp\idea_working_dirs_testng.tmp -temp C:\Users\Shiri\AppData\Local\Temp\idea_testng.tmp

Host: 11th Gen Intel(R) Core(TM) i5-1155G7 @ 2.50GHz, 8 cores, 15G,  Windows 11 , 64 bit Build 22621 (10.0.22621.3672)
Time: Sun Jul  7 17:04:49 2024 RTZ 6 (s 11 , 64 bit Build 22621 (10.0.22621.3672) elapsed time: 0.016184 seconds (0d 0h 0m 0s)

---------------  T H R E A D  ---------------

Current thread (0x0000021acf12f190):  JavaThread "Unknown thread" [_thread_in_vm, id=13504, stack(0x0000001eadd00000,0x0000001eade00000)]

Stack: [0x0000001eadd00000,0x0000001eade00000]
Native frames: (J=compiled Java code, j=interpreted, Vv=VM code, C=native code)
V  [jvm.dll+0x67d2c9]
V  [jvm.dll+0x834b1a]
V  [jvm.dll+0x8365de]
V  [jvm.dll+0x836c43]
V  [jvm.dll+0x2477ff]
V  [jvm.dll+0x67a109]
V  [jvm.dll+0x66eb7a]
V  [jvm.dll+0x30764b]
V  [jvm.dll+0x30eaf6]
V  [jvm.dll+0x35e83e]
V  [jvm.dll+0x35ea6f]
V  [jvm.dll+0x2de248]
V  [jvm.dll+0x2df1b4]
V  [jvm.dll+0x806381]
V  [jvm.dll+0x36c6f1]
V  [jvm.dll+0x7e4e26]
V  [jvm.dll+0x3eff3f]
V  [jvm.dll+0x3f1b71]
C  [jli.dll+0x528f]
C  [ucrtbase.dll+0x29333]
C  [KERNEL32.DLL+0x1257d]
C  [ntdll.dll+0x5af28]


---------------  P R O C E S S  ---------------

Threads class SMR info:
_java_thread_list=0x00007fff82c8ee98, length=0, elements={
}

Java Threads: ( => current thread )

Other Threads:
  0x0000021acf19d2b0 GCTaskThread "GC Thread#0" [stack: 0x0000001eade00000,0x0000001eadf00000] [id=4856]
  0x0000021acf1ade90 ConcurrentGCThread "G1 Main Marker" [stack: 0x0000001eadf00000,0x0000001eae000000] [id=25672]
  0x0000021acf1ae8b0 ConcurrentGCThread "G1 Conc#0" [stack: 0x0000001eae000000,0x0000001eae100000] [id=16340]

[error occurred during error reporting (printing all threads), id 0xc0000005, EXCEPTION_ACCESS_VIOLATION (0xc0000005) at pc=0x00007fff8244ec87]

VM state: not at safepoint (not fully initialized)

VM Mutex/Monitor currently owned by a thread:  ([mutex/lock_event])
[0x0000021acf12be80] Heap_lock - owner thread: 0x0000021acf12f190

Heap address: 0x0000000703600000, size: 4042 MB, Compressed Oops mode: Zero based, Oop shift amount: 3

CDS archive(s) mapped at: [0x0000000000000000-0x0000000000000000-0x0000000000000000), size 0, SharedBaseAddress: 0x0000000800000000, ArchiveRelocationMode: 1.
Narrow klass base: 0x0000000000000000, Narrow klass shift: 0, Narrow klass range: 0x0

GC Precious Log:
<Empty>

Heap:
 garbage-first heap   total 0K, used 0K [0x0000000703600000, 0x0000000800000000)
  region size 2048K, 0 young (0K), 0 survivors (0K)

[error occurred during error reporting (printing heap information), id 0xc0000005, EXCEPTION_ACCESS_VIOLATION (0xc0000005) at pc=0x00007fff82836fb9]

GC Heap History (0 events):
No events

Dll operation events (1 events):
Event: 0.007 Loaded shared library C:\Users\Shiri\.jdks\corretto-17.0.10\bin\java.dll

Deoptimization events (0 events):
No events

Classes unloaded (0 events):
No events

Classes redefined (0 events):
No events

Internal exceptions (0 events):
No events

VM Operations (0 events):
No events

Events (0 events):
No events


Dynamic libraries:
0x00007ff6ecbd0000 - 0x00007ff6ecbde000 	C:\Users\Shiri\.jdks\corretto-17.0.10\bin\java.exe
0x00007ff817670000 - 0x00007ff817887000 	C:\Windows\SYSTEM32\ntdll.dll
0x00007ff816040000 - 0x00007ff816104000 	C:\Windows\System32\KERNEL32.DLL
0x00007ff814a10000 - 0x00007ff814dbc000 	C:\Windows\System32\KERNELBASE.dll
0x00007ff815080000 - 0x00007ff815191000 	C:\Windows\System32\ucrtbase.dll
0x00007ff802da0000 - 0x00007ff802db7000 	C:\Users\Shiri\.jdks\corretto-17.0.10\bin\jli.dll
0x00007ff801f90000 - 0x00007ff801fab000 	C:\Users\Shiri\.jdks\corretto-17.0.10\bin\VCRUNTIME140.dll
0x00007ff8159e0000 - 0x00007ff815b8e000 	C:\Windows\System32\USER32.dll
0x00007ffffcb70000 - 0x00007ffffce03000 	C:\Windows\WinSxS\amd64_microsoft.windows.common-controls_6595b64144ccf1df_6.0.22621.3672_none_2713b9d173822955\COMCTL32.dll
0x00007ff8152e0000 - 0x00007ff815306000 	C:\Windows\System32\win32u.dll
0x00007ff8161c0000 - 0x00007ff816267000 	C:\Windows\System32\msvcrt.dll
0x00007ff816110000 - 0x00007ff816139000 	C:\Windows\System32\GDI32.dll
0x00007ff814f30000 - 0x00007ff815049000 	C:\Windows\System32\gdi32full.dll
0x00007ff815310000 - 0x00007ff8153aa000 	C:\Windows\System32\msvcp_win.dll
0x00007ff815f40000 - 0x00007ff815f71000 	C:\Windows\System32\IMM32.DLL
0x00007ff80e550000 - 0x00007ff80e55c000 	C:\Users\Shiri\.jdks\corretto-17.0.10\bin\vcruntime140_1.dll
0x00007fffc30f0000 - 0x00007fffc317d000 	C:\Users\Shiri\.jdks\corretto-17.0.10\bin\msvcp140.dll
0x00007fff82160000 - 0x00007fff82dc2000 	C:\Users\Shiri\.jdks\corretto-17.0.10\bin\server\jvm.dll
0x00007ff815500000 - 0x00007ff8155b2000 	C:\Windows\System32\ADVAPI32.dll
0x00007ff817480000 - 0x00007ff81752a000 	C:\Windows\System32\sechost.dll
0x00007ff815050000 - 0x00007ff815078000 	C:\Windows\System32\bcrypt.dll
0x00007ff816e00000 - 0x00007ff816f15000 	C:\Windows\System32\RPCRT4.dll
0x00007ff813a70000 - 0x00007ff813abd000 	C:\Windows\SYSTEM32\POWRPROF.dll
0x00007ff80f9c0000 - 0x00007ff80f9c9000 	C:\Windows\SYSTEM32\WSOCK32.dll
0x00007ff80eec0000 - 0x00007ff80eef4000 	C:\Windows\SYSTEM32\WINMM.dll
0x00007ff816f20000 - 0x00007ff816f91000 	C:\Windows\System32\WS2_32.dll
0x00007ff80a890000 - 0x00007ff80a89a000 	C:\Windows\SYSTEM32\VERSION.dll
0x00007ff8139f0000 - 0x00007ff813a03000 	C:\Windows\SYSTEM32\UMPDC.dll
0x00007ff813ac0000 - 0x00007ff813ad8000 	C:\Windows\SYSTEM32\kernel.appcore.dll
0x00007ff80cce0000 - 0x00007ff80ccea000 	C:\Users\Shiri\.jdks\corretto-17.0.10\bin\jimage.dll
0x00007ff811bd0000 - 0x00007ff811e02000 	C:\Windows\SYSTEM32\DBGHELP.DLL
0x00007ff815bb0000 - 0x00007ff815f38000 	C:\Windows\System32\combase.dll
0x00007ff815900000 - 0x00007ff8159d7000 	C:\Windows\System32\OLEAUT32.dll
0x00007ffff8ba0000 - 0x00007ffff8bd2000 	C:\Windows\SYSTEM32\dbgcore.DLL
0x00007ff8151a0000 - 0x00007ff81521b000 	C:\Windows\System32\bcryptPrimitives.dll
0x00007fffffb40000 - 0x00007fffffb4e000 	C:\Users\Shiri\.jdks\corretto-17.0.10\bin\instrument.dll
0x00007ff80c030000 - 0x00007ff80c055000 	C:\Users\Shiri\.jdks\corretto-17.0.10\bin\java.dll

dbghelp: loaded successfully - version: 4.0.5 - missing functions: none
symbol engine: initialized successfully - sym options: 0x614 - pdb path: .;C:\Users\Shiri\.jdks\corretto-17.0.10\bin;C:\Windows\SYSTEM32;C:\Windows\WinSxS\amd64_microsoft.windows.common-controls_6595b64144ccf1df_6.0.22621.3672_none_2713b9d173822955;C:\Users\Shiri\.jdks\corretto-17.0.10\bin\server

VM Arguments:
jvm_args: -ea -Dallure.results.directory=C:\Users\Shiri\Documents\NBWalleTAF\target/allure-results -javaagent:C:\Users\Shiri\.m2\repository/org/aspectj/aspectjweaver/1.9.19/aspectjweaver-1.9.19.jar -Didea.test.cyclic.buffer.size=1048576 -javaagent:C:\Users\Shiri\AppData\Local\JetBrains\IntelliJ IDEA Community Edition 2023.3.2\lib\idea_rt.jar=15029:C:\Users\Shiri\AppData\Local\JetBrains\IntelliJ IDEA Community Edition 2023.3.2\bin -Dfile.encoding=UTF-8 
java_command: com.intellij.rt.testng.RemoteTestNGStarter -usedefaultlisteners false -socket15028 @w@C:\Users\Shiri\AppData\Local\Temp\idea_working_dirs_testng.tmp -temp C:\Users\Shiri\AppData\Local\Temp\idea_testng.tmp
java_class_path (initial): C:\Users\Shiri\AppData\Local\JetBrains\IntelliJ IDEA Community Edition 2023.3.2\lib\idea_rt.jar;C:\Users\Shiri\AppData\Local\JetBrains\IntelliJ IDEA Community Edition 2023.3.2\plugins\testng\lib\testng-rt.jar;C:\Users\Shiri\Documents\NBWalleTAF\target\test-classes;C:\Users\Shiri\Documents\NBWalleTAF\target\classes;C:\Users\Shiri\.m2\repository\org\seleniumhq\selenium\selenium-java\4.18.1\selenium-java-4.18.1.jar;C:\Users\Shiri\.m2\repository\org\seleniumhq\selenium\selenium-api\4.18.1\selenium-api-4.18.1.jar;C:\Users\Shiri\.m2\repository\org\seleniumhq\selenium\selenium-chrome-driver\4.18.1\selenium-chrome-driver-4.18.1.jar;C:\Users\Shiri\.m2\repository\com\google\auto\service\auto-service-annotations\1.1.1\auto-service-annotations-1.1.1.jar;C:\Users\Shiri\.m2\repository\org\seleniumhq\selenium\selenium-chromium-driver\4.18.1\selenium-chromium-driver-4.18.1.jar;C:\Users\Shiri\.m2\repository\org\seleniumhq\selenium\selenium-json\4.18.1\selenium-json-4.18.1.jar;C:\Users\Shiri\.m2\repository\org\seleniumhq\selenium\selenium-manager\4.18.1\selenium-manager-4.18.1.jar;C:\Users\Shiri\.m2\repository\org\seleniumhq\selenium\selenium-devtools-v120\4.18.1\selenium-devtools-v120-4.18.1.jar;C:\Users\Shiri\.m2\repository\org\seleniumhq\selenium\selenium-devtools-v121\4.18.1\selenium-devtools-v121-4.18.1.jar;C:\Users\Shiri\.m2\repository\org\seleniumhq\selenium\selenium-devtools-v122\4.18.1\selenium-devtools-v122-4.18.1.jar;C:\Users\Shiri\.m2\repository\org\seleniumhq\selenium\selenium-devtools-v85\4.18.1\selenium-devtools-v85-4.18.1.jar;C:\Users\Shiri\.m2\repository\org\seleniumhq\selenium\selenium-edge-driver\4.18.1\selenium-edge-driver-4.18.1.jar;C:\Users\Shiri\.m2\repository\org\seleniumhq\selenium\selenium-firefox-driver\4.18.1\selenium-firefox-driver-4.18.1.jar;C:\Users\Shiri\.m2\repository\org\seleniumhq\selenium\selenium-http\4.18.1\selenium-http-4.18.1.jar;C:\Users\Shiri\.m2\repository\dev\failsafe\failsafe\3.3.2\failsafe-3.3.2.jar;C:\Users\S
Launcher Type: SUN_STANDARD

[Global flags]
     intx CICompilerCount                          = 4                                         {product} {ergonomic}
     uint ConcGCThreads                            = 2                                         {product} {ergonomic}
     uint G1ConcRefinementThreads                  = 8                                         {product} {ergonomic}
   size_t G1HeapRegionSize                         = 2097152                                   {product} {ergonomic}
    uintx GCDrainStackTargetSize                   = 64                                        {product} {ergonomic}
   size_t InitialHeapSize                          = 266338304                                 {product} {ergonomic}
   size_t MarkStackSize                            = 4194304                                   {product} {ergonomic}
   size_t MaxHeapSize                              = 4238344192                                {product} {ergonomic}
   size_t MinHeapDeltaBytes                        = 2097152                                   {product} {ergonomic}
   size_t MinHeapSize                              = 8388608                                   {product} {ergonomic}
    uintx NonNMethodCodeHeapSize                   = 5839372                                {pd product} {ergonomic}
    uintx NonProfiledCodeHeapSize                  = 122909434                              {pd product} {ergonomic}
    uintx ProfiledCodeHeapSize                     = 122909434                              {pd product} {ergonomic}
    uintx ReservedCodeCacheSize                    = 251658240                              {pd product} {ergonomic}
     bool SegmentedCodeCache                       = true                                      {product} {ergonomic}
   size_t SoftMaxHeapSize                          = 4238344192                             {manageable} {ergonomic}
     bool UseCompressedClassPointers               = true                           {product lp64_product} {ergonomic}
     bool UseCompressedOops                        = true                           {product lp64_product} {ergonomic}
     bool UseG1GC                                  = true                                      {product} {ergonomic}
     bool UseLargePagesIndividualAllocation        = false                                  {pd product} {ergonomic}

Logging:
Log output configuration:
 #0: stdout all=warning uptime,level,tags
 #1: stderr all=off uptime,level,tags

Environment Variables:
JAVA_HOME=C:\Program Files\Java\jdk-17
PATH=C:\Program Files\Common Files\Oracle\Java\javapath;C:\Windows\System32\HWAudioDriverLibs;C:\Windows\system32;C:\Windows;C:\Windows\System32\Wbem;C:\Windows\System32\WindowsPowerShell\v1.0\;C:\Windows\System32\OpenSSH\;C:\Users\Administrator\AppData\Local\Microsoft\WindowsApps;C:\Program Files\Git\cmd;C:\Program Files\allure-2.29.0\bin;C:\Program Files\Java\jdk-17\bin;C:\Program Files\apache-maven-3.9.7\bin;C:\Users\Shiri\AppData\Local\Microsoft\WindowsApps;
USERNAME=Shiri
OS=Windows_NT
PROCESSOR_IDENTIFIER=Intel64 Family 6 Model 140 Stepping 2, GenuineIntel
TMP=C:\Users\Shiri\AppData\Local\Temp
TEMP=C:\Users\Shiri\AppData\Local\Temp



Periodic native trim disabled


---------------  S Y S T E M  ---------------

OS:
 Windows 11 , 64 bit Build 22621 (10.0.22621.3672)
OS uptime: 11 days 23:53 hours
Hyper-V role detected

CPU: total 8 (initial active 8) (4 cores per cpu, 2 threads per core) family 6 model 140 stepping 2 microcode 0x16, cx8, cmov, fxsr, ht, mmx, 3dnowpref, sse, sse2, sse3, ssse3, sse4.1, sse4.2, popcnt, lzcnt, tsc, tscinvbit, avx, avx2, aes, erms, clmul, bmi1, bmi2, adx, avx512f, avx512dq, avx512cd, avx512bw, avx512vl, sha, fma, vzeroupper, avx512_vpopcntdq, avx512_vpclmulqdq, avx512_vaes, avx512_vnni, clflush, clflushopt, clwb, avx512_vbmi2, avx512_vbmi, hv
Processor Information for processor 0
  Max Mhz: 2496, Current Mhz: 1198, Mhz Limit: 2496
Processor Information for processor 1
  Max Mhz: 2496, Current Mhz: 1198, Mhz Limit: 2496
Processor Information for processor 2
  Max Mhz: 2496, Current Mhz: 2496, Mhz Limit: 2496
Processor Information for processor 3
  Max Mhz: 2496, Current Mhz: 2496, Mhz Limit: 2496
Processor Information for processor 4
  Max Mhz: 2496, Current Mhz: 2496, Mhz Limit: 2496
Processor Information for processor 5
  Max Mhz: 2496, Current Mhz: 2496, Mhz Limit: 2496
Processor Information for processor 6
  Max Mhz: 2496, Current Mhz: 2496, Mhz Limit: 2496
Processor Information for processor 7
  Max Mhz: 2496, Current Mhz: 2496, Mhz Limit: 2496

Memory: 4k page, system-wide physical 16167M (3621M free)
TotalPageFile size 31527M (AvailPageFile size 93M)
current process WorkingSet (physical memory assigned to process): 11M, peak: 11M
current process commit charge ("private bytes"): 60M, peak: 314M

vm_info: OpenJDK 64-Bit Server VM (17.0.10+7-LTS) for windows-amd64 JRE (17.0.10+7-LTS), built on Jan 10 2024 22:11:07 by "Administrator" with MS VC++ 16.10 / 16.11 (VS2019)

END.
